{"level":"info","searchParams":{"ad":"abdullah","il":"sivas","ilce":null,"soyad":"çatlı"},"username":"rw"}
{"level":"info","searchParams":{"ad":"abdullah","il":"sivas","ilce":null,"soyad":"çatlı"},"username":"rw"}
{"level":"info","searchParams":{"ad":"abdullah","il":null,"ilce":null,"soyad":"çatlı"},"username":"tuna"}
{"level":"info","searchParams":{"ad":"abdullah","il":null,"ilce":null,"soyad":"çatlı"},"username":"tuna"}
{"level":"info","searchParams":{"ad":"abdullah","il":null,"ilce":null,"soyad":"çatlı"},"username":"tuna"}
{"level":"info","searchParams":{},"username":"tuna"}
{"level":"info","searchParams":{},"username":"tuna"}
{"level":"info","searchParams":{},"username":"tuna"}
{"level":"info","searchParams":{},"username":"tuna"}
{"level":"info","searchParams":{},"username":"tuna"}
{"level":"info","searchParams":{},"username":"tuna"}
{"level":"info","searchParams":{},"username":"tuna"}
{"level":"info","searchParams":{},"username":"tuna"}
{"level":"info","searchParams":{},"username":"tuna"}
{"level":"info","searchParams":{},"username":"tuna"}
{"level":"info","searchParams":{},"username":"tuna"}
{"level":"info","searchParams":{},"username":"ahmet"}
{"level":"info","searchParams":{},"username":"ahmet"}
{"level":"info","searchParams":{},"username":"ahmet"}
{"level":"info","searchParams":{},"username":"ahmet"}
{"level":"info","searchParams":{},"username":"ahmet"}
{"level":"info","searchParams":{},"username":"ahmet"}
{"level":"info","searchParams":{},"username":"ahmet"}
{"level":"info","searchParams":{},"username":"ahmet"}
{"level":"info","searchParams":{},"username":"ahmet"}
{"level":"info","searchParams":{},"username":"ahmet"}
{"level":"info","searchParams":{},"username":"ahmet"}
{"level":"info","searchParams":{},"username":"ahmet"}
{"level":"info","searchParams":{},"username":"ahmet"}
{"level":"info","searchParams":{},"username":"ahmet"}
{"level":"info","searchParams":{},"username":"ahmet"}
{"level":"info","searchParams":{},"username":"ahmet"}
{"level":"info","searchParams":{},"username":"ahmet"}
{"level":"info","searchParams":{},"username":"ahmet"}
{"level":"info","searchParams":{},"username":"ahmet"}
{"level":"info","searchParams":{},"username":"ahmet"}
{"level":"info","searchParams":{},"username":"ahmet"}
{"level":"info","searchParams":{},"username":"ahmet"}
{"level":"info","searchParams":{},"username":"ahmet"}
{"level":"info","searchParams":{},"username":"ahmet"}
{"level":"info","searchParams":{},"username":"ahmet"}
{"level":"info","searchParams":{},"username":"ahmet"}
{"level":"info","searchParams":{},"username":"ahmet"}
{"level":"info","searchParams":{},"username":"ahmet"}
{"level":"info","searchParams":{},"username":"ahmet"}
{"level":"info","searchParams":{},"username":"ahmet"}
{"level":"info","searchParams":{},"username":"ahmet"}
{"level":"info","searchParams":{},"username":"ahmet"}
{"level":"info","searchParams":{},"username":"ahmet"}
{"level":"info","searchParams":{},"username":"ahmet"}
{"level":"info","searchParams":{},"username":"tuna"}
{"level":"info","searchParams":{},"username":"tuna"}
{"level":"info","searchParams":{},"username":"tuna"}
{"level":"info","searchParams":{},"username":"tuna"}
{"level":"info","searchParams":{},"username":"tuna"}
{"level":"info","searchParams":{},"username":"tuna"}
{"level":"info","searchParams":{},"username":"tuna"}
{"level":"info","searchParams":{},"username":"tuna"}
{"level":"info","searchParams":{},"username":"tuna"}
{"level":"info","searchParams":{},"username":"tuna"}
{"level":"info","searchParams":{},"username":"tuna"}
{"level":"info","searchParams":{},"username":"tuna"}
{"level":"info","searchParams":{},"username":"tuna"}
{"level":"info","searchParams":{},"username":"tuna"}
{"level":"info","searchParams":{},"username":"tuna"}
{"level":"info","searchParams":{},"username":"tuna"}
{"level":"info","searchParams":{},"username":"tuna"}
{"level":"info","searchParams":{},"username":"tuna"}
{"level":"info","searchParams":{},"username":"ahmet"}
{"level":"info","searchParams":{},"username":"ahmet"}
{"level":"info","searchParams":{},"username":"ahmet"}
{"level":"info","searchParams":{},"username":"ahmet"}
{"level":"info","searchParams":{},"username":"ahmet"}
{"level":"info","searchParams":{},"username":"ahmet"}
{"level":"info","searchParams":{},"username":"ahmet"}
{"level":"info","searchParams":{},"username":"ahmet"}
{"level":"info","searchParams":{},"username":"ahmet"}
{"level":"info","searchParams":{},"username":"ahmet"}
{"level":"info","searchParams":{},"username":"ahmet"}
{"level":"info","searchParams":{},"username":"ahmet"}
{"level":"info","searchParams":{},"username":"ahmet"}
{"level":"info","searchParams":{},"username":"ahmet"}
{"level":"info","searchParams":{},"username":"tuna"}
{"level":"info","searchParams":{},"username":"tuna"}
{"level":"info","searchParams":{},"username":"tuna"}
{"level":"info","searchParams":{},"username":"tuna"}
{"level":"info","searchParams":{},"username":"tuna"}
{"level":"info","searchParams":{},"username":"tuna"}
{"level":"info","searchParams":{},"username":"tuna"}
{"level":"info","searchParams":{},"username":"tuna"}
{"level":"info","searchParams":{},"username":"tuna"}
{"level":"info","searchParams":{},"username":"tuna"}
{"level":"info","searchParams":{},"username":"tuna"}
{"level":"info","searchParams":{},"username":"tuna"}
{"level":"info","searchParams":{},"username":"q"}
{"level":"info","searchParams":{},"username":"q"}
{"level":"info","searchParams":{},"username":"q"}
{"level":"info","searchParams":{},"username":"q"}
{"level":"info","searchParams":{},"username":"q"}
{"level":"info","searchParams":{},"username":"q"}
{"level":"info","searchParams":{"tc":"22430771534"},"username":"tuna"}
{"level":"info","searchParams":{"tc":"22430771534"},"username":"tuna"}
{"level":"info","searchParams":{"tc":"22436771316"},"username":"tuna"}
{"level":"info","searchParams":{"tc":"22481769818"},"username":"tuna"}
{"level":"info","searchParams":{"tc":"33310649874"},"username":"tuna"}
{"level":"info","searchParams":{"tc":"22430771534"},"username":"tuna"}
